0 info it worked if it ends with ok
1 verbose cli [ '/usr/bin/nodejs', '/usr/bin/npm', 'install', 'font-awsome' ]
2 info using npm@2.15.1
3 info using node@v4.4.3
4 verbose install initial load of /home/jovan/WebstormProjects/angularjsValidation/package.json
5 warn package.json angular@1.0.0 No description
6 warn package.json angular@1.0.0 No repository field.
7 warn package.json angular@1.0.0 No README data
8 verbose installManyTop reading scoped package data from /home/jovan/WebstormProjects/angularjsValidation/node_modules/angular/package.json
9 verbose installManyTop reading scoped package data from /home/jovan/WebstormProjects/angularjsValidation/node_modules/angular-animate/package.json
10 verbose installManyTop reading scoped package data from /home/jovan/WebstormProjects/angularjsValidation/node_modules/angular-messages/package.json
11 verbose installManyTop reading scoped package data from /home/jovan/WebstormProjects/angularjsValidation/node_modules/angular-password/package.json
12 verbose installManyTop reading scoped package data from /home/jovan/WebstormProjects/angularjsValidation/node_modules/bootstrap/package.json
13 verbose installManyTop reading scoped package data from /home/jovan/WebstormProjects/angularjsValidation/node_modules/bower/package.json
14 verbose installManyTop reading scoped package data from /home/jovan/WebstormProjects/angularjsValidation/node_modules/concurrently/package.json
15 verbose installManyTop reading scoped package data from /home/jovan/WebstormProjects/angularjsValidation/node_modules/es6-shim/package.json
16 verbose installManyTop reading scoped package data from /home/jovan/WebstormProjects/angularjsValidation/node_modules/lite-server/package.json
17 verbose installManyTop reading scoped package data from /home/jovan/WebstormProjects/angularjsValidation/node_modules/reflect-metadata/package.json
18 verbose installManyTop reading scoped package data from /home/jovan/WebstormProjects/angularjsValidation/node_modules/rxjs/package.json
19 verbose installManyTop reading scoped package data from /home/jovan/WebstormProjects/angularjsValidation/node_modules/systemjs/package.json
20 verbose installManyTop reading scoped package data from /home/jovan/WebstormProjects/angularjsValidation/node_modules/typescript/package.json
21 verbose installManyTop reading scoped package data from /home/jovan/WebstormProjects/angularjsValidation/node_modules/typings/package.json
22 verbose installManyTop reading scoped package data from /home/jovan/WebstormProjects/angularjsValidation/node_modules/zone.js/package.json
23 verbose readDependencies loading dependencies from /home/jovan/WebstormProjects/angularjsValidation/package.json
24 silly cache add args [ 'font-awsome', null ]
25 verbose cache add spec font-awsome
26 silly cache add parsed spec Result {
26 silly cache add   raw: 'font-awsome',
26 silly cache add   scope: null,
26 silly cache add   name: 'font-awsome',
26 silly cache add   rawSpec: '',
26 silly cache add   spec: 'latest',
26 silly cache add   type: 'tag' }
27 silly addNamed font-awsome@latest
28 verbose addNamed "latest" is being treated as a dist-tag for font-awsome
29 info addNameTag [ 'font-awsome', 'latest' ]
30 silly mapToRegistry name font-awsome
31 silly mapToRegistry using default registry
32 silly mapToRegistry registry https://registry.npmjs.org/
33 silly mapToRegistry data Result {
33 silly mapToRegistry   raw: 'font-awsome',
33 silly mapToRegistry   scope: null,
33 silly mapToRegistry   name: 'font-awsome',
33 silly mapToRegistry   rawSpec: '',
33 silly mapToRegistry   spec: 'latest',
33 silly mapToRegistry   type: 'tag' }
34 silly mapToRegistry uri https://registry.npmjs.org/font-awsome
35 verbose addNameTag registry:https://registry.npmjs.org/font-awsome not in flight; fetching
36 verbose request uri https://registry.npmjs.org/font-awsome
37 verbose request no auth needed
38 info attempt registry request try #1 at 12:00:57 PM
39 verbose request id f08c3a758cb9f5ba
40 http request GET https://registry.npmjs.org/font-awsome
41 http 404 https://registry.npmjs.org/font-awsome
42 verbose headers { 'content-type': 'application/json',
42 verbose headers   'cache-control': 'max-age=0',
42 verbose headers   'content-length': '2',
42 verbose headers   'accept-ranges': 'bytes',
42 verbose headers   date: 'Tue, 10 May 2016 10:01:43 GMT',
42 verbose headers   via: '1.1 varnish',
42 verbose headers   age: '0',
42 verbose headers   connection: 'keep-alive',
42 verbose headers   'x-served-by': 'cache-iad2129-IAD',
42 verbose headers   'x-cache': 'MISS',
42 verbose headers   'x-cache-hits': '0',
42 verbose headers   'x-timer': 'S1462874503.603363,VS0,VE100',
42 verbose headers   vary: 'Accept-Encoding' }
43 silly get cb [ 404,
43 silly get   { 'content-type': 'application/json',
43 silly get     'cache-control': 'max-age=0',
43 silly get     'content-length': '2',
43 silly get     'accept-ranges': 'bytes',
43 silly get     date: 'Tue, 10 May 2016 10:01:43 GMT',
43 silly get     via: '1.1 varnish',
43 silly get     age: '0',
43 silly get     connection: 'keep-alive',
43 silly get     'x-served-by': 'cache-iad2129-IAD',
43 silly get     'x-cache': 'MISS',
43 silly get     'x-cache-hits': '0',
43 silly get     'x-timer': 'S1462874503.603363,VS0,VE100',
43 silly get     vary: 'Accept-Encoding' } ]
44 verbose stack Error: Registry returned 404 for GET on https://registry.npmjs.org/font-awsome
44 verbose stack     at makeError (/usr/lib/node_modules/npm/node_modules/npm-registry-client/lib/request.js:264:12)
44 verbose stack     at CachingRegistryClient.<anonymous> (/usr/lib/node_modules/npm/node_modules/npm-registry-client/lib/request.js:242:14)
44 verbose stack     at Request._callback (/usr/lib/node_modules/npm/node_modules/npm-registry-client/lib/request.js:172:14)
44 verbose stack     at Request.self.callback (/usr/lib/node_modules/npm/node_modules/request/request.js:199:22)
44 verbose stack     at emitTwo (events.js:87:13)
44 verbose stack     at Request.emit (events.js:172:7)
44 verbose stack     at Request.<anonymous> (/usr/lib/node_modules/npm/node_modules/request/request.js:1036:10)
44 verbose stack     at emitOne (events.js:82:20)
44 verbose stack     at Request.emit (events.js:169:7)
44 verbose stack     at IncomingMessage.<anonymous> (/usr/lib/node_modules/npm/node_modules/request/request.js:963:12)
45 verbose statusCode 404
46 verbose pkgid font-awsome
47 verbose cwd /home/jovan/WebstormProjects/angularjsValidation
48 error Linux 4.4.0-22-generic
49 error argv "/usr/bin/nodejs" "/usr/bin/npm" "install" "font-awsome"
50 error node v4.4.3
51 error npm  v2.15.1
52 error code E404
53 error 404 Registry returned 404 for GET on https://registry.npmjs.org/font-awsome
53 error 404
53 error 404 'font-awsome' is not in the npm registry.
53 error 404 You should bug the author to publish it (or use the name yourself!)
53 error 404 It was specified as a dependency of 'angular'
53 error 404
53 error 404 Note that you can also install from a
53 error 404 tarball, folder, http url, or git url.
54 verbose exit [ 1, true ]
